
> node-express-static-web-server@1.0.0 start
> node web-server/app.js

The server is running on http://<your machine IP addr>:8080

> node-express-static-web-server@1.0.0 start
> node web-server/app.js

node:events:498
      throw er; // Unhandled 'error' event
      ^

Error: listen EADDRINUSE: address already in use 0.0.0.0:8080
    at Server.setupListenHandle [as _listen2] (node:net:1330:16)
    at listenInCluster (node:net:1378:12)
    at doListen (node:net:1516:7)
    at processTicksAndRejections (node:internal/process/task_queues:84:21)
Emitted 'error' event on Server instance at:
    at emitErrorNT (node:net:1357:8)
    at processTicksAndRejections (node:internal/process/task_queues:83:21) {
  code: 'EADDRINUSE',
  errno: -98,
  syscall: 'listen',
  address: '0.0.0.0',
  port: 8080
}
